This is pdfTeX, Version 3.1415926-2.5-1.40.14 (TeX Live 2013) (format=latex 2014.3.9)  8 APR 2014 19:42
entering extended mode
 restricted \write18 enabled.
 %&-line parsing enabled.
**spectrum_350_4_32_4_highin.tex
(./spectrum_350_4_32_4_highin.tex
LaTeX2e <2011/06/27>
Babel <3.9h> and hyphenation patterns for 78 languages loaded.
! Undefined control sequence.
<argument> \strut {}\tt 
                        T-T
l.1939 ...2836){\makebox(0,0)[r]{\strut{}\tt T-T}}
                                                  %
? X
 
Here is how much of TeX's memory you used:
 7 strings out of 493309
 218 string characters out of 6137843
 75106 words of memory out of 5000000
 3566 multiletter control sequences out of 15000+600000
 3640 words of font info for 14 fonts, out of 8000000 for 9000
 957 hyphenation exceptions out of 8191
 7i,4n,14p,128b,81s stack positions out of 5000i,500n,10000p,200000b,80000s
No pages of output.
